0 info it worked if it ends with ok
1 verbose cli [ '/Users/ryanwalters/.nvm/versions/node/v6.12.0/bin/node',
1 verbose cli   '/Users/ryanwalters/.nvm/versions/node/v6.12.0/bin/npm',
1 verbose cli   'install',
1 verbose cli   'gandi-cli' ]
2 info using npm@3.10.10
3 info using node@v6.12.0
4 silly loadCurrentTree Starting
5 silly install loadCurrentTree
6 silly install readLocalPackageData
7 silly fetchPackageMetaData gandi-cli
8 silly fetchNamedPackageData gandi-cli
9 silly mapToRegistry name gandi-cli
10 silly mapToRegistry using default registry
11 silly mapToRegistry registry http://nexus.gossamer-group.com:8081/repository/npm_proxy/
12 silly mapToRegistry data Result {
12 silly mapToRegistry   raw: 'gandi-cli',
12 silly mapToRegistry   scope: null,
12 silly mapToRegistry   escapedName: 'gandi-cli',
12 silly mapToRegistry   name: 'gandi-cli',
12 silly mapToRegistry   rawSpec: '',
12 silly mapToRegistry   spec: 'latest',
12 silly mapToRegistry   type: 'tag' }
13 silly mapToRegistry uri http://nexus.gossamer-group.com:8081/repository/npm_proxy/gandi-cli
14 verbose request uri http://nexus.gossamer-group.com:8081/repository/npm_proxy/gandi-cli
15 verbose request no auth needed
16 info attempt registry request try #1 at 3:59:52 PM
17 verbose request id 6fef6c1fa3e90299
18 http request GET http://nexus.gossamer-group.com:8081/repository/npm_proxy/gandi-cli
19 info retry will retry, error on last attempt: Error: getaddrinfo ENOTFOUND nexus.gossamer-group.com nexus.gossamer-group.com:8081
20 info attempt registry request try #2 at 4:00:02 PM
21 http request GET http://nexus.gossamer-group.com:8081/repository/npm_proxy/gandi-cli
22 info retry will retry, error on last attempt: Error: getaddrinfo ENOTFOUND nexus.gossamer-group.com nexus.gossamer-group.com:8081
23 info attempt registry request try #3 at 4:01:02 PM
24 http request GET http://nexus.gossamer-group.com:8081/repository/npm_proxy/gandi-cli
25 silly fetchPackageMetaData Error: getaddrinfo ENOTFOUND nexus.gossamer-group.com nexus.gossamer-group.com:8081
25 silly fetchPackageMetaData     at errnoException (dns.js:28:10)
25 silly fetchPackageMetaData     at GetAddrInfoReqWrap.onlookup [as oncomplete] (dns.js:76:26)
25 silly fetchPackageMetaData  error for gandi-cli { Error: getaddrinfo ENOTFOUND nexus.gossamer-group.com nexus.gossamer-group.com:8081
25 silly fetchPackageMetaData     at errnoException (dns.js:28:10)
25 silly fetchPackageMetaData     at GetAddrInfoReqWrap.onlookup [as oncomplete] (dns.js:76:26)
25 silly fetchPackageMetaData   code: 'ENOTFOUND',
25 silly fetchPackageMetaData   errno: 'ENOTFOUND',
25 silly fetchPackageMetaData   syscall: 'getaddrinfo',
25 silly fetchPackageMetaData   hostname: 'nexus.gossamer-group.com',
25 silly fetchPackageMetaData   host: 'nexus.gossamer-group.com',
25 silly fetchPackageMetaData   port: '8081' }
26 silly rollbackFailedOptional Starting
27 silly rollbackFailedOptional Finishing
28 silly runTopLevelLifecycles Finishing
29 silly install printInstalled
30 verbose stack Error: getaddrinfo ENOTFOUND nexus.gossamer-group.com nexus.gossamer-group.com:8081
30 verbose stack     at errnoException (dns.js:28:10)
30 verbose stack     at GetAddrInfoReqWrap.onlookup [as oncomplete] (dns.js:76:26)
31 verbose cwd /Users/ryanwalters/dev/scout-audiology
32 error Darwin 17.0.0
33 error argv "/Users/ryanwalters/.nvm/versions/node/v6.12.0/bin/node" "/Users/ryanwalters/.nvm/versions/node/v6.12.0/bin/npm" "install" "gandi-cli"
34 error node v6.12.0
35 error npm  v3.10.10
36 error code ENOTFOUND
37 error errno ENOTFOUND
38 error syscall getaddrinfo
39 error network getaddrinfo ENOTFOUND nexus.gossamer-group.com nexus.gossamer-group.com:8081
40 error network This is most likely not a problem with npm itself
40 error network and is related to network connectivity.
40 error network In most cases you are behind a proxy or have bad network settings.
40 error network
40 error network If you are behind a proxy, please make sure that the
40 error network 'proxy' config is set properly.  See: 'npm help config'
41 verbose exit [ 1, true ]
